2018-05-24T16:43:24.357Z - normal: Load ~/.CocosCreator/settings.json
2018-05-24T16:43:24.361Z - normal: checking language setting...
2018-05-24T16:43:24.361Z - normal: Language: zh
2018-05-24T16:43:25.312Z - success: protocol editor-framework registered
2018-05-24T16:43:25.312Z - success: protocol app registered
2018-05-24T16:43:25.312Z - success: protocol theme registered
2018-05-24T16:43:25.312Z - success: protocol packages registered
2018-05-24T16:43:25.313Z - success: protocol unpack registerred
2018-05-24T16:43:25.313Z - success: protocol disable-commonjs registerred
2018-05-24T16:43:25.567Z - normal: connected!
2018-05-24T16:43:25.571Z - normal: Check project /Users/next/projects/bishe/nhwc-client
2018-05-24T16:43:25.573Z - normal: Initializing Cocos2d
2018-05-24T16:43:25.858Z - normal: Initializing Asset Database
2018-05-24T16:43:25.893Z - success: protocol uuid registerred
2018-05-24T16:43:25.894Z - success: protocol db registerred
2018-05-24T16:43:25.894Z - success: protocol thumbnail registerred
2018-05-24T16:43:25.894Z - normal: Loading editor/builtin packages
2018-05-24T16:43:25.922Z - success: anysdk loaded
2018-05-24T16:43:26.079Z - success: assets loaded
2018-05-24T16:43:26.084Z - success: builder loaded
2018-05-24T16:43:26.086Z - success: cocos-analytics loaded
2018-05-24T16:43:26.090Z - success: console loaded
2018-05-24T16:43:26.124Z - success: fb-instant-games loaded
2018-05-24T16:43:26.130Z - success: hierarchy loaded
2018-05-24T16:43:26.135Z - success: inspector loaded
2018-05-24T16:43:26.137Z - success: keystore loaded
2018-05-24T16:43:26.146Z - success: node-library loaded
2018-05-24T16:43:26.148Z - success: package-asset loaded
2018-05-24T16:43:26.150Z - success: preferences loaded
2018-05-24T16:43:26.154Z - success: project-exporter loaded
2018-05-24T16:43:26.171Z - success: project-importer loaded
2018-05-24T16:43:26.175Z - success: project-settings loaded
2018-05-24T16:43:26.198Z - success: ui-kit loaded
2018-05-24T16:43:26.205Z - success: ui-grid loaded
2018-05-24T16:43:26.209Z - success: scene loaded
2018-05-24T16:43:26.210Z - success: sprite-editor loaded
2018-05-24T16:43:26.214Z - success: store loaded
2018-05-24T16:43:26.221Z - success: timeline loaded
2018-05-24T16:43:26.221Z - normal: Loading builtin packages
2018-05-24T16:43:26.224Z - success: asset-db-debugger loaded
2018-05-24T16:43:26.225Z - success: color-picker loaded
2018-05-24T16:43:26.228Z - success: package-manager loaded
2018-05-24T16:43:26.233Z - success: sdkbox loaded
2018-05-24T16:43:26.239Z - success: tester loaded
2018-05-24T16:43:26.243Z - success: ui-kit-preview-extra loaded
2018-05-24T16:43:26.245Z - success: ui-kit-preview loaded
2018-05-24T16:43:26.248Z - success: ui-tree loaded
2018-05-24T16:43:27.458Z - normal: Initializing project /Users/next/projects/bishe/nhwc-client
2018-05-24T16:43:27.462Z - normal: Loading packages
2018-05-24T16:43:27.476Z - success: next-secretary loaded
2018-05-24T16:43:27.476Z - normal: Watching packages
2018-05-24T16:43:27.498Z - normal: Run Application
2018-05-24T16:43:28.780Z - success: preview server running at http://localhost:7456
2018-05-24T16:43:36.723Z - normal: 1.9.0
2018-05-24T17:41:02.333Z - info: shutdown preview server
